<?xml version="1.0" encoding="UTF-8"?>
<!-- Generated by org.testng.reporters.JUnitReportReporter -->
<testsuite skipped="0" hostname="DESKTOP-ORD19QN" name="testNgPractice.java" tests="2" failures="0" timestamp="25 Nov 2018 03:34:26 GMT" time="0.000" errors="0">
  <testcase name="summ" time="0.000" classname="testNgPractice.java"/>
  <testcase name="sum" time="0.000" classname="testNgPractice.java"/>
</testsuite> <!-- testNgPractice.java -->
