<?xml version="1.0" encoding="UTF-8"?>
<!-- Generated by org.testng.reporters.JUnitReportReporter -->
<testsuite skipped="0" hostname="DESKTOP-ORD19QN" name="testNGAnotherPackage.PriorityExample" tests="4" failures="0" timestamp="25 Nov 2018 04:38:26 GMT" time="0.016" errors="0">
  <testcase name="divide" time="0.000" classname="testNGAnotherPackage.PriorityExample"/>
  <testcase name="four" time="0.000" classname="testNGAnotherPackage.PriorityExample"/>
  <testcase name="zend" time="0.016" classname="testNGAnotherPackage.PriorityExample"/>
  <testcase name="hello" time="0.000" classname="testNGAnotherPackage.PriorityExample"/>
</testsuite> <!-- testNGAnotherPackage.PriorityExample -->
