<?xml version="1.0" encoding="UTF-8"?>
<!-- Generated by org.testng.reporters.JUnitReportReporter -->
<testsuite skipped="0" hostname="DESKTOP-ORD19QN" name="testNGAnotherPackage.TimeOut" tests="3" failures="0" timestamp="25 Nov 2018 03:47:33 GMT" time="0.046" errors="0">
  <testcase name="divideenableTwo" time="0.000" classname="testNGAnotherPackage.TimeOut"/>
  <testcase name="divideenableOne" time="0.015" classname="testNGAnotherPackage.TimeOut"/>
  <testcase name="divide" time="0.031" classname="testNGAnotherPackage.TimeOut"/>
</testsuite> <!-- testNGAnotherPackage.TimeOut -->
