<?xml version="1.0" encoding="UTF-8"?>
<!-- Generated by org.testng.reporters.JUnitReportReporter -->
<testsuite skipped="0" hostname="DESKTOP-ORD19QN" name="testNGAnotherPackage.Groupexample" tests="5" failures="0" timestamp="25 Nov 2018 04:19:51 GMT" time="0.031" errors="0">
  <testcase name="zend" time="0.000" classname="testNGAnotherPackage.Groupexample"/>
  <testcase name="divideenableThree" time="0.000" classname="testNGAnotherPackage.Groupexample"/>
  <testcase name="divide" time="0.016" classname="testNGAnotherPackage.Groupexample"/>
  <testcase name="divideenableTwo" time="0.000" classname="testNGAnotherPackage.Groupexample"/>
  <testcase name="divideenableOne" time="0.015" classname="testNGAnotherPackage.Groupexample"/>
</testsuite> <!-- testNGAnotherPackage.Groupexample -->
