<?xml version="1.0" encoding="UTF-8"?>
<!-- Generated by org.testng.reporters.JUnitReportReporter -->
<testsuite skipped="1" hostname="DESKTOP-ORD19QN" name="testNGAnotherPackage.EnableUse" tests="2" failures="0" timestamp="25 Nov 2018 03:42:01 GMT" time="0.016" errors="0">
  <testcase name="divideenable" time="0.016" classname="testNGAnotherPackage.EnableUse"/>
  <testcase name="divide" classname="testNGAnotherPackage.EnableUse">
    <skipped/>
  </testcase> <!-- divide -->
</testsuite> <!-- testNGAnotherPackage.EnableUse -->
