<?xml version="1.0" encoding="UTF-8"?>
<!-- Generated by org.testng.reporters.JUnitReportReporter -->
<testsuite skipped="0" hostname="DESKTOP-ORD19QN" name="testNGAnotherPackage.TestNgAnnotationExample" tests="2" failures="0" timestamp="25 Nov 2018 05:07:58 GMT" time="0.015" errors="0">
  <testcase name="ten" time="0.000" classname="testNGAnotherPackage.TestNgAnnotationExample"/>
  <testcase name="nine" time="0.015" classname="testNGAnotherPackage.TestNgAnnotationExample"/>
</testsuite> <!-- testNGAnotherPackage.TestNgAnnotationExample -->
