<?xml version="1.0" encoding="UTF-8"?>
<!-- Generated by org.testng.reporters.JUnitReportReporter -->
<testsuite skipped="0" hostname="DESKTOP-ORD19QN" name="testNGAnotherPackage.ParameterExample" tests="1" failures="0" timestamp="25 Nov 2018 05:35:22 GMT" time="0.016" errors="0">
  <testcase name="fetchingVariable" time="0.016" classname="testNGAnotherPackage.ParameterExample"/>
</testsuite> <!-- testNGAnotherPackage.ParameterExample -->
