<?xml version="1.0" encoding="UTF-8"?>
<!-- Generated by org.testng.reporters.JUnitReportReporter -->
<testsuite skipped="0" hostname="DESKTOP-ORD19QN" name="testNGAnotherPackage.Calc" tests="1" failures="0" timestamp="24 Nov 2018 05:45:57 GMT" time="0.000" errors="0">
  <testcase name="divide" time="0.000" classname="testNGAnotherPackage.Calc"/>
</testsuite> <!-- testNGAnotherPackage.Calc -->
