<?xml version="1.0" encoding="UTF-8"?>
<!-- Generated by org.testng.reporters.JUnitReportReporter -->
<testsuite skipped="0" hostname="DESKTOP-ORD19QN" name="testNGAnotherPackage.dependsonMethd" tests="2" failures="0" timestamp="25 Nov 2018 04:24:21 GMT" time="0.016" errors="0">
  <testcase name="divide" time="0.000" classname="testNGAnotherPackage.dependsonMethd"/>
  <testcase name="zend" time="0.016" classname="testNGAnotherPackage.dependsonMethd"/>
</testsuite> <!-- testNGAnotherPackage.dependsonMethd -->
