<?xml version="1.0" encoding="UTF-8"?>
<!-- Generated by org.testng.reporters.JUnitReportReporter -->
<testsuite skipped="0" hostname="DESKTOP-ORD19QN" name="testNgPractice.java2" tests="2" failures="0" timestamp="25 Nov 2018 03:34:26 GMT" time="0.015" errors="0">
  <testcase name="summcountone" time="0.000" classname="testNgPractice.java2"/>
  <testcase name="sumcount" time="0.015" classname="testNgPractice.java2"/>
</testsuite> <!-- testNgPractice.java2 -->
