<?xml version="1.0" encoding="UTF-8"?>
<!-- Generated by org.testng.reporters.JUnitReportReporter -->
<testsuite skipped="0" hostname="DESKTOP-ORD19QN" name="com.growsure.app.firstDemo" tests="1" failures="0" timestamp="26 Nov 2018 18:06:55 GMT" time="0.028" errors="0">
  <testcase name="example" time="0.028" classname="com.growsure.app.firstDemo"/>
</testsuite> <!-- com.growsure.app.firstDemo -->
