<?xml version="1.0" encoding="UTF-8"?>
<!-- Generated by org.testng.reporters.JUnitReportReporter -->
<testsuite skipped="0" hostname="DESKTOP-ORD19QN" name="com.growsure.app.takeScreenShotConcept" tests="1" failures="0" timestamp="02 Dec 2018 06:17:09 GMT" time="0.831" errors="0">
  <testcase name="takeScreenSht" time="0.831" classname="com.growsure.app.takeScreenShotConcept"/>
</testsuite> <!-- com.growsure.app.takeScreenShotConcept -->
