<?xml version="1.0" encoding="UTF-8"?>
<!-- Generated by org.testng.reporters.JUnitReportReporter -->
<testsuite skipped="0" hostname="DESKTOP-ORD19QN" name="com.growsure.app.verifyHeaderContent" tests="2" failures="0" timestamp="08 Dec 2018 19:00:21 GMT" time="0.600" errors="0">
  <testcase name="verifyHeader" time="0.428" classname="com.growsure.app.verifyHeaderContent"/>
  <testcase name="imageVerify" time="0.172" classname="com.growsure.app.verifyHeaderContent"/>
</testsuite> <!-- com.growsure.app.verifyHeaderContent -->
