<?xml version="1.0" encoding="UTF-8"?>
<!-- Generated by org.testng.reporters.JUnitReportReporter -->
<testsuite skipped="0" hostname="DESKTOP-ORD19QN" name="ParameterExample" tests="1" failures="0" timestamp="26 Nov 2018 18:17:34 GMT" time="0.011" errors="0">
  <testcase name="fetchingVariab" time="0.011" classname="ParameterExample"/>
</testsuite> <!-- ParameterExample -->
